#
# There is insufficient memory for the Java Runtime Environment to continue.
# Native memory allocation (mmap) failed to map 532676608 bytes. Error detail: G1 virtual space
# Possible reasons:
#   The system is out of physical RAM or swap space
#   This process is running with CompressedOops enabled, and the Java Heap may be blocking the growth of the native heap
# Possible solutions:
#   Reduce memory load on the system
#   Increase physical memory or swap space
#   Check if swap backing store is full
#   Decrease Java heap size (-Xmx/-Xms)
#   Decrease number of Java threads
#   Decrease Java thread stack sizes (-Xss)
#   Set larger code cache with -XX:ReservedCodeCacheSize=
#   JVM is running with Zero Based Compressed Oops mode in which the Java heap is
#     placed in the first 32GB address space. The Java Heap base address is the
#     maximum limit for the native heap growth. Please use -XX:HeapBaseMinAddress
#     to set the Java Heap base and to place the Java Heap above 32GB virtual address.
# This output file may be truncated or incomplete.
#
#  Out of Memory Error (os_windows.cpp:3707), pid=19116, tid=33812
#
# JRE version:  (23.0.2+7) (build )
# Java VM: OpenJDK 64-Bit Server VM (23.0.2+7-58, mixed mode, sharing, tiered, compressed oops, compressed class ptrs, g1 gc, windows-amd64)
# No core dump will be written. Minidumps are not enabled by default on client versions of Windows
#

---------------  S U M M A R Y ------------

Command Line: -javaagent:C:\Program Files\JetBrains\IntelliJ IDEA Community Edition 2024.3.2.2\lib\idea_rt.jar=62147:C:\Program Files\JetBrains\IntelliJ IDEA Community Edition 2024.3.2.2\bin -Dfile.encoding=UTF-8 -Dsun.stdout.encoding=UTF-8 -Dsun.stderr.encoding=UTF-8 PadreKt

Host: Intel(R) Core(TM) i7-14650HX, 24 cores, 31G,  Windows 11 , 64 bit Build 26100 (10.0.26100.5074)
Time: Thu Sep 25 09:46:18 2025  Windows 11 , 64 bit Build 26100 (10.0.26100.5074) elapsed time: 0.012373 seconds (0d 0h 0m 0s)

---------------  T H R E A D  ---------------

Current thread (0x000001f877ee3ef0):  JavaThread "Unknown thread" [_thread_in_vm, id=33812, stack(0x000000250c400000,0x000000250c500000) (1024K)]

Stack: [0x000000250c400000,0x000000250c500000]
Native frames: (J=compiled Java code, j=interpreted, Vv=VM code, C=native code)
V  [jvm.dll+0x6e0b99]  (no source info available)
V  [jvm.dll+0x87e2b3]  (no source info available)
V  [jvm.dll+0x88073e]  (no source info available)
V  [jvm.dll+0x880e13]  (no source info available)
V  [jvm.dll+0x27b006]  (no source info available)
V  [jvm.dll+0x6dd485]  (no source info available)
V  [jvm.dll+0x6d127a]  (no source info available)
V  [jvm.dll+0x35b50a]  (no source info available)
V  [jvm.dll+0x363916]  (no source info available)
V  [jvm.dll+0x34fe7e]  (no source info available)
V  [jvm.dll+0x350118]  (no source info available)
V  [jvm.dll+0x328aec]  (no source info available)
V  [jvm.dll+0x32978e]  (no source info available)
V  [jvm.dll+0x8449a5]  (no source info available)
V  [jvm.dll+0x3b9a08]  (no source info available)
V  [jvm.dll+0x82d68c]  (no source info available)
V  [jvm.dll+0x454f2e]  (no source info available)
V  [jvm.dll+0x456db1]  (no source info available)
C  [jli.dll+0x52a3]  (no source info available)
C  [ucrtbase.dll+0x37b0]  (no source info available)
C  [KERNEL32.DLL+0x2e8d7]  (no source info available)
C  [ntdll.dll+0x8d9c]  (no source info available)

Lock stack of current Java thread (top to bottom):


---------------  P R O C E S S  ---------------

Threads class SMR info:
_java_thread_list=0x00007ffb303a4618, length=0, elements={
}

Java Threads: ( => current thread )
Total: 0

Other Threads:
  0x000001f87a4f24a0 WorkerThread "GC Thread#0"                     [id=9852, stack(0x000000250c500000,0x000000250c600000) (1024K)]
  0x000001f87d502b80 ConcurrentGCThread "G1 Main Marker"            [id=29856, stack(0x000000250c600000,0x000000250c700000) (1024K)]
  0x000001f87d503930 WorkerThread "G1 Conc#0"                       [id=29948, stack(0x000000250c700000,0x000000250c800000) (1024K)]

[error occurred during error reporting (printing all threads), id 0xc0000005, EXCEPTION_ACCESS_VIOLATION (0xc0000005) at pc=0x00007ffb2faec0da]
VM state: not at safepoint (not fully initialized)

VM Mutex/Monitor currently owned by a thread:  ([mutex/lock_event])
[0x00007ffb30424988] Heap_lock - owner thread: 0x000001f877ee3ef0

Heap address: 0x0000000604800000, size: 8120 MB, Compressed Oops mode: Zero based, Oop shift amount: 3

CDS archive(s) mapped at: [0x0000000000000000-0x0000000000000000-0x0000000000000000), size 0, SharedBaseAddress: 0x0000000800000000, ArchiveRelocationMode: 1.
Narrow klass base: 0x0000000000000000, Narrow klass shift: 0, Narrow klass range: 0x0

GC Precious Log:
 CardTable entry size: 512
 Card Set container configuration: InlinePtr #cards 4 size 8 Array Of Cards #cards 32 size 80 Howl #buckets 8 coarsen threshold 7372 Howl Bitmap #cards 1024 size 144 coarsen threshold 921 Card regions per heap region 1 cards per card region 8192

Heap:
 garbage-first heap   total reserved 8314880K, committed 0K, used 0K [0x0000000604800000, 0x0000000800000000)
  region size 4096K, 0 young (0K), 0 survivors (0K)

[error occurred during error reporting (printing heap information), id 0xc0000005, EXCEPTION_ACCESS_VIOLATION (0xc0000005) at pc=0x00007ffb2feec6a9]
GC Heap History (0 events):
No events

Dll operation events (1 events):
Event: 0.007 Loaded shared library C:\Users\artur\.jdks\openjdk-23.0.2\bin\java.dll

Deoptimization events (0 events):
No events

Classes loaded (0 events):
No events

Classes unloaded (0 events):
No events

Classes redefined (0 events):
No events

Internal exceptions (0 events):
No events

VM Operations (0 events):
No events

Memory protections (0 events):
No events

Nmethod flushes (0 events):
No events

Events (0 events):
No events


Dynamic libraries:
0x00007ff63c420000 - 0x00007ff63c42e000 	C:\Users\artur\.jdks\openjdk-23.0.2\bin\java.exe
0x00007ffbd8660000 - 0x00007ffbd88c9000 	C:\WINDOWS\SYSTEM32\ntdll.dll
0x00007ffbd7af0000 - 0x00007ffbd7bb9000 	C:\WINDOWS\System32\KERNEL32.DLL
0x00007ffbd5f50000 - 0x00007ffbd6343000 	C:\WINDOWS\System32\KERNELBASE.dll
0x00007ffbd5c10000 - 0x00007ffbd5d5b000 	C:\WINDOWS\System32\ucrtbase.dll
0x00007ffbca950000 - 0x00007ffbca967000 	C:\Users\artur\.jdks\openjdk-23.0.2\bin\jli.dll
0x00007ffbca930000 - 0x00007ffbca94b000 	C:\Users\artur\.jdks\openjdk-23.0.2\bin\VCRUNTIME140.dll
0x00007ffbd6a10000 - 0x00007ffbd6bd4000 	C:\WINDOWS\System32\USER32.dll
0x00007ffbb5720000 - 0x00007ffbb59b3000 	C:\WINDOWS\WinSxS\amd64_microsoft.windows.common-controls_6595b64144ccf1df_6.0.26100.5074_none_3e0d6f78e32fd63f\COMCTL32.dll
0x00007ffbd6350000 - 0x00007ffbd6377000 	C:\WINDOWS\System32\win32u.dll
0x00007ffbd7ef0000 - 0x00007ffbd7f1b000 	C:\WINDOWS\System32\GDI32.dll
0x00007ffbd7550000 - 0x00007ffbd75f9000 	C:\WINDOWS\System32\msvcrt.dll
0x00007ffbd5ae0000 - 0x00007ffbd5c0d000 	C:\WINDOWS\System32\gdi32full.dll
0x00007ffbd6380000 - 0x00007ffbd6423000 	C:\WINDOWS\System32\msvcp_win.dll
0x00007ffbd7fa0000 - 0x00007ffbd7fcf000 	C:\WINDOWS\System32\IMM32.DLL
0x00007ffbca710000 - 0x00007ffbca71c000 	C:\Users\artur\.jdks\openjdk-23.0.2\bin\vcruntime140_1.dll
0x00007ffbc9190000 - 0x00007ffbc921e000 	C:\Users\artur\.jdks\openjdk-23.0.2\bin\msvcp140.dll
0x00007ffb2f7b0000 - 0x00007ffb30500000 	C:\Users\artur\.jdks\openjdk-23.0.2\bin\server\jvm.dll
0x00007ffbd7e30000 - 0x00007ffbd7ee4000 	C:\WINDOWS\System32\ADVAPI32.dll
0x00007ffbd7d80000 - 0x00007ffbd7e26000 	C:\WINDOWS\System32\sechost.dll
0x00007ffbd77e0000 - 0x00007ffbd78f8000 	C:\WINDOWS\System32\RPCRT4.dll
0x00007ffbd7f20000 - 0x00007ffbd7f94000 	C:\WINDOWS\System32\WS2_32.dll
0x00007ffbd5070000 - 0x00007ffbd50ce000 	C:\WINDOWS\SYSTEM32\POWRPROF.dll
0x00007ffbc8cb0000 - 0x00007ffbc8cbb000 	C:\WINDOWS\SYSTEM32\VERSION.dll
0x00007ffbc9260000 - 0x00007ffbc9295000 	C:\WINDOWS\SYSTEM32\WINMM.dll
0x00007ffbd5000000 - 0x00007ffbd5014000 	C:\WINDOWS\SYSTEM32\UMPDC.dll
0x00007ffbd45b0000 - 0x00007ffbd45cb000 	C:\WINDOWS\SYSTEM32\kernel.appcore.dll
0x00007ffbc9180000 - 0x00007ffbc918a000 	C:\Users\artur\.jdks\openjdk-23.0.2\bin\jimage.dll
0x00007ffbd2db0000 - 0x00007ffbd2ff2000 	C:\WINDOWS\SYSTEM32\DBGHELP.DLL
0x00007ffbd8150000 - 0x00007ffbd84cb000 	C:\WINDOWS\System32\combase.dll
0x00007ffbd6430000 - 0x00007ffbd6507000 	C:\WINDOWS\System32\OLEAUT32.dll
0x00007ffbb4740000 - 0x00007ffbb477d000 	C:\WINDOWS\SYSTEM32\dbgcore.DLL
0x00007ffbd5df0000 - 0x00007ffbd5e89000 	C:\WINDOWS\System32\bcryptPrimitives.dll
0x00007ffbd2000000 - 0x00007ffbd200f000 	C:\Users\artur\.jdks\openjdk-23.0.2\bin\instrument.dll
0x00007ffbc9160000 - 0x00007ffbc917e000 	C:\Users\artur\.jdks\openjdk-23.0.2\bin\java.dll
0x00007ffbd73b0000 - 0x00007ffbd7548000 	C:\WINDOWS\System32\ole32.dll
0x00007ffbd6c60000 - 0x00007ffbd73ad000 	C:\WINDOWS\System32\SHELL32.dll
0x00007ffbd5970000 - 0x00007ffbd5adc000 	C:\WINDOWS\System32\wintypes.dll

dbghelp: loaded successfully - version: 4.0.5 - missing functions: none
symbol engine: initialized successfully - sym options: 0x614 - pdb path: .;C:\Users\artur\.jdks\openjdk-23.0.2\bin;C:\WINDOWS\SYSTEM32;C:\WINDOWS\WinSxS\amd64_microsoft.windows.common-controls_6595b64144ccf1df_6.0.26100.5074_none_3e0d6f78e32fd63f;C:\Users\artur\.jdks\openjdk-23.0.2\bin\server

VM Arguments:
jvm_args: -javaagent:C:\Program Files\JetBrains\IntelliJ IDEA Community Edition 2024.3.2.2\lib\idea_rt.jar=62147:C:\Program Files\JetBrains\IntelliJ IDEA Community Edition 2024.3.2.2\bin -Dfile.encoding=UTF-8 -Dsun.stdout.encoding=UTF-8 -Dsun.stderr.encoding=UTF-8 
java_command: PadreKt
java_class_path (initial): C:\GitHub\Artur-Azizbekov-PRO\DAM2\Kotlin\untitledJesus\out\production\untitledJesus;C:\Users\artur\.m2\repository\org\jetbrains\kotlin\kotlin-stdlib\2.1.0\kotlin-stdlib-2.1.0.jar;C:\Users\artur\.m2\repository\org\jetbrains\annotations\13.0\annotations-13.0.jar
Launcher Type: SUN_STANDARD

[Global flags]
     intx CICompilerCount                          = 12                                        {product} {ergonomic}
     uint ConcGCThreads                            = 5                                         {product} {ergonomic}
     uint G1ConcRefinementThreads                  = 18                                        {product} {ergonomic}
   size_t G1HeapRegionSize                         = 4194304                                   {product} {ergonomic}
   size_t InitialHeapSize                          = 532676608                                 {product} {ergonomic}
   size_t MarkStackSize                            = 4194304                                   {product} {ergonomic}
   size_t MarkStackSizeMax                         = 536870912                                 {product} {ergonomic}
   size_t MaxHeapSize                              = 8514437120                                {product} {ergonomic}
   size_t MinHeapDeltaBytes                        = 4194304                                   {product} {ergonomic}
   size_t MinHeapSize                              = 8388608                                   {product} {ergonomic}
    uintx NonNMethodCodeHeapSize                   = 7602176                                {pd product} {ergonomic}
    uintx NonProfiledCodeHeapSize                  = 122093568                              {pd product} {ergonomic}
    uintx ProfiledCodeHeapSize                     = 121962496                              {pd product} {ergonomic}
    uintx ReservedCodeCacheSize                    = 251658240                              {pd product} {ergonomic}
     bool SegmentedCodeCache                       = true                                      {product} {ergonomic}
   size_t SoftMaxHeapSize                          = 8514437120                             {manageable} {ergonomic}
     bool UseCompressedOops                        = true                           {product lp64_product} {ergonomic}
     bool UseG1GC                                  = true                                      {product} {ergonomic}
     bool UseLargePagesIndividualAllocation        = false                                  {pd product} {ergonomic}

Logging:
Log output configuration:
 #0: stdout all=warning uptime,level,tags foldmultilines=false
 #1: stderr all=off uptime,level,tags foldmultilines=false

Environment Variables:
PATH=C:\WINDOWS\system32;C:\WINDOWS;C:\WINDOWS\System32\Wbem;C:\WINDOWS\System32\WindowsPowerShell\v1.0\;C:\WINDOWS\System32\OpenSSH\;C:\Program Files (x86)\NVIDIA Corporation\PhysX\Common;C:\Program Files\NVIDIA Corporation\NVIDIA app\NvDLISR;C:\Program Files\Git\cmd;C:\Program Files (x86)\dotnet\;C:\Users\artur\AppData\Local\Programs\Python\Launcher\;C:\Program Files\MySQL\MySQL Shell 8.0\bin\;C:\Users\artur\AppData\Local\Microsoft\WindowsApps;C:\Users\artur\AppData\Local\GitHubDesktop\bin;C:\Program Files\JetBrains\IntelliJ IDEA 2024.3.2.2\bin;;C:\Program Files\JetBrains\IntelliJ IDEA Community Edition 2024.3.2.2\bin;;C:\Users\artur\AppData\Local\Programs\Microsoft VS Code\bin
USERNAME=artur
OS=Windows_NT
PROCESSOR_IDENTIFIER=Intel64 Family 6 Model 183 Stepping 1, GenuineIntel
TMP=C:\Users\artur\AppData\Local\Temp
TEMP=C:\Users\artur\AppData\Local\Temp




Periodic native trim disabled

---------------  S Y S T E M  ---------------

OS:
 Windows 11 , 64 bit Build 26100 (10.0.26100.5074)
OS uptime: 7 days 20:43 hours
Hyper-V role detected

CPU: total 24 (initial active 24) (12 cores per cpu, 2 threads per core) family 6 model 183 stepping 1 microcode 0x120, cx8, cmov, fxsr, ht, mmx, 3dnowpref, sse, sse2, sse3, ssse3, sse4.1, sse4.2, popcnt, lzcnt, tsc, tscinvbit, avx, avx2, aes, erms, clmul, bmi1, bmi2, adx, sha, fma, vzeroupper, clflush, clflushopt, clwb, hv, serialize, rdtscp, rdpid, fsrm, gfni, f16c, cet_ibt, cet_ss
Processor Information for processor 0
  Max Mhz: 2200, Current Mhz: 2200, Mhz Limit: 2200
Processor Information for processor 1
  Max Mhz: 2200, Current Mhz: 1466, Mhz Limit: 2200
Processor Information for processor 2
  Max Mhz: 2200, Current Mhz: 2200, Mhz Limit: 2200
Processor Information for processor 3
  Max Mhz: 2200, Current Mhz: 1466, Mhz Limit: 2200
Processor Information for processor 4
  Max Mhz: 2200, Current Mhz: 2200, Mhz Limit: 2200
Processor Information for processor 5
  Max Mhz: 2200, Current Mhz: 2200, Mhz Limit: 2200
Processor Information for processor 6
  Max Mhz: 2200, Current Mhz: 2200, Mhz Limit: 2200
Processor Information for processor 7
  Max Mhz: 2200, Current Mhz: 2200, Mhz Limit: 2200
Processor Information for processor 8
  Max Mhz: 2200, Current Mhz: 2200, Mhz Limit: 2200
Processor Information for processor 9
  Max Mhz: 2200, Current Mhz: 2200, Mhz Limit: 2200
Processor Information for processor 10
  Max Mhz: 2200, Current Mhz: 2200, Mhz Limit: 2200
Processor Information for processor 11
  Max Mhz: 2200, Current Mhz: 2200, Mhz Limit: 2200
Processor Information for processor 12
  Max Mhz: 2200, Current Mhz: 2200, Mhz Limit: 2200
Processor Information for processor 13
  Max Mhz: 2200, Current Mhz: 2200, Mhz Limit: 2200
Processor Information for processor 14
  Max Mhz: 2200, Current Mhz: 2200, Mhz Limit: 2200
Processor Information for processor 15
  Max Mhz: 2200, Current Mhz: 2200, Mhz Limit: 2200
Processor Information for processor 16
  Max Mhz: 2200, Current Mhz: 2200, Mhz Limit: 2200
Processor Information for processor 17
  Max Mhz: 2200, Current Mhz: 2200, Mhz Limit: 2200
Processor Information for processor 18
  Max Mhz: 2200, Current Mhz: 2200, Mhz Limit: 2200
Processor Information for processor 19
  Max Mhz: 2200, Current Mhz: 2200, Mhz Limit: 2200
Processor Information for processor 20
  Max Mhz: 2200, Current Mhz: 2200, Mhz Limit: 2200
Processor Information for processor 21
  Max Mhz: 2200, Current Mhz: 2200, Mhz Limit: 2200
Processor Information for processor 22
  Max Mhz: 2200, Current Mhz: 2200, Mhz Limit: 2200
Processor Information for processor 23
  Max Mhz: 2200, Current Mhz: 2200, Mhz Limit: 2200

Memory: 4k page, system-wide physical 32471M (13041M free)
TotalPageFile size 130683M (AvailPageFile size 293M)
current process WorkingSet (physical memory assigned to process): 14M, peak: 14M
current process commit charge ("private bytes"): 82M, peak: 590M

vm_info: OpenJDK 64-Bit Server VM (23.0.2+7-58) for windows-amd64 JRE (23.0.2+7-58), built on 2024-11-29T09:34:55Z with MS VC++ 17.6 (VS2022)

END.
